2017-10-16 11:30:08,103 - SimpleLog4NetLogSystem initialized using logfile 'GZCodeBuilder.log'
2017-10-16 11:30:08,120 - ************************************************************** 
2017-10-16 11:30:08,120 - Starting NVelocity v0.4.1
2017-10-16 11:30:08,120 - RuntimeInstance initializing.
2017-10-16 11:30:08,120 - Default Properties File: NVelocity.Runtime.Defaults.nvelocity.properties
2017-10-16 11:30:08,120 - Trying to use logger class NVelocity.Runtime.Log.SimpleLog4NetLogSystem,NVelocity
2017-10-16 11:30:08,120 - Using logger class NVelocity.Runtime.Log.SimpleLog4NetLogSystem,NVelocity
2017-10-16 11:30:08,124 - Default ResourceManager initializing. (NVelocity.Runtime.Resource.ResourceManagerImpl)
2017-10-16 11:30:08,128 - Resource Loader Instantiated: NVelocity.Runtime.Resource.Loader.FileResourceLoader
2017-10-16 11:30:08,132 - FileResourceLoader : initialization starting.
2017-10-16 11:30:08,132 - FileResourceLoader : adding path 'F:\arpg\contrib\protocol\\..\..\\src\svrcore\protocol'
2017-10-16 11:30:08,132 - FileResourceLoader : initialization complete.
2017-10-16 11:30:08,133 - ResourceCache : initialized. (NVelocity.Runtime.Resource.ResourceCacheImpl)
2017-10-16 11:30:08,133 - Default ResourceManager initialization complete.
2017-10-16 11:30:08,143 - Loaded System Directive: NVelocity.Runtime.Directive.Include,NVelocity
2017-10-16 11:30:08,143 - Loaded System Directive: NVelocity.Runtime.Directive.Foreach,NVelocity
2017-10-16 11:30:08,143 - Loaded System Directive: NVelocity.Runtime.Directive.Macro,NVelocity
2017-10-16 11:30:08,144 - Loaded System Directive: NVelocity.Runtime.Directive.Literal,NVelocity
2017-10-16 11:30:08,144 - Loaded System Directive: NVelocity.Runtime.Directive.Parse,NVelocity
2017-10-16 11:30:08,152 - Created: 20 parsers.
2017-10-16 11:30:08,156 - Velocimacro : initialization starting.
2017-10-16 11:30:08,156 - Velocimacro : allowInline = true : VMs can be defined inline in templates
2017-10-16 11:30:08,156 - Velocimacro : allowInlineToOverride = false : VMs defined inline may NOT replace previous VM definitions
2017-10-16 11:30:08,156 - Velocimacro : allowInlineLocal = false : VMs defined inline will be  global in scope if allowed.
2017-10-16 11:30:08,156 - Velocimacro : messages on  : VM system will output logging messages
2017-10-16 11:30:08,156 - Velocimacro : autoload off  : VM system will not automatically reload global library macros
2017-10-16 11:30:08,156 - Velocimacro : initialization complete.
2017-10-16 11:30:08,156 - NVelocity successfully started.
2017-10-16 11:30:08,898 - Velocimacro : added new VM : #pack_func_param_string( m ) : source = external.c.vm
2017-10-16 11:30:08,899 - Velocimacro : added new VM : #unpack_func_param_string( m ) : source = external.c.vm
2017-10-16 11:30:08,973 - ResourceManager : found external.c.vm with loader NVelocity.Runtime.Resource.Loader.FileResourceLoader,NVelocity
2017-10-16 11:30:09,232 - Velocimacro : added new VM : #pack_func_param_string_call( m ) : source = external.h.vm
2017-10-16 11:30:09,236 - ResourceManager : found external.h.vm with loader NVelocity.Runtime.Resource.Loader.FileResourceLoader,NVelocity
2017-10-16 11:30:12,744 - SimpleLog4NetLogSystem initialized using logfile 'GZCodeBuilder.log'
2017-10-16 11:30:12,759 - ************************************************************** 
2017-10-16 11:30:12,759 - Starting NVelocity v0.4.1
2017-10-16 11:30:12,759 - RuntimeInstance initializing.
2017-10-16 11:30:12,759 - Default Properties File: NVelocity.Runtime.Defaults.nvelocity.properties
2017-10-16 11:30:12,759 - Trying to use logger class NVelocity.Runtime.Log.SimpleLog4NetLogSystem,NVelocity
2017-10-16 11:30:12,759 - Using logger class NVelocity.Runtime.Log.SimpleLog4NetLogSystem,NVelocity
2017-10-16 11:30:12,763 - Default ResourceManager initializing. (NVelocity.Runtime.Resource.ResourceManagerImpl)
2017-10-16 11:30:12,768 - Resource Loader Instantiated: NVelocity.Runtime.Resource.Loader.FileResourceLoader
2017-10-16 11:30:12,771 - FileResourceLoader : initialization starting.
2017-10-16 11:30:12,772 - FileResourceLoader : adding path 'F:\arpg\contrib\protocol\\..\..\\contrib\scripts\share'
2017-10-16 11:30:12,772 - FileResourceLoader : initialization complete.
2017-10-16 11:30:12,772 - ResourceCache : initialized. (NVelocity.Runtime.Resource.ResourceCacheImpl)
2017-10-16 11:30:12,772 - Default ResourceManager initialization complete.
2017-10-16 11:30:12,782 - Loaded System Directive: NVelocity.Runtime.Directive.Include,NVelocity
2017-10-16 11:30:12,782 - Loaded System Directive: NVelocity.Runtime.Directive.Foreach,NVelocity
2017-10-16 11:30:12,782 - Loaded System Directive: NVelocity.Runtime.Directive.Macro,NVelocity
2017-10-16 11:30:12,783 - Loaded System Directive: NVelocity.Runtime.Directive.Literal,NVelocity
2017-10-16 11:30:12,783 - Loaded System Directive: NVelocity.Runtime.Directive.Parse,NVelocity
2017-10-16 11:30:12,790 - Created: 20 parsers.
2017-10-16 11:30:12,794 - Velocimacro : initialization starting.
2017-10-16 11:30:12,794 - Velocimacro : allowInline = true : VMs can be defined inline in templates
2017-10-16 11:30:12,795 - Velocimacro : allowInlineToOverride = false : VMs defined inline may NOT replace previous VM definitions
2017-10-16 11:30:12,795 - Velocimacro : allowInlineLocal = false : VMs defined inline will be  global in scope if allowed.
2017-10-16 11:30:12,795 - Velocimacro : messages on  : VM system will output logging messages
2017-10-16 11:30:12,795 - Velocimacro : autoload off  : VM system will not automatically reload global library macros
2017-10-16 11:30:12,795 - Velocimacro : initialization complete.
2017-10-16 11:30:12,795 - NVelocity successfully started.
2017-10-16 11:30:13,011 - Velocimacro : added new VM : #pack_func_param_string_call_lua( m ) : source = protocols.lua.vm
2017-10-16 11:30:13,047 - ResourceManager : found protocols.lua.vm with loader NVelocity.Runtime.Resource.Loader.FileResourceLoader,NVelocity
2017-10-16 11:30:16,476 - SimpleLog4NetLogSystem initialized using logfile 'GZCodeBuilder.log'
2017-10-16 11:30:16,493 - ************************************************************** 
2017-10-16 11:30:16,493 - Starting NVelocity v0.4.1
2017-10-16 11:30:16,493 - RuntimeInstance initializing.
2017-10-16 11:30:16,493 - Default Properties File: NVelocity.Runtime.Defaults.nvelocity.properties
2017-10-16 11:30:16,493 - Trying to use logger class NVelocity.Runtime.Log.SimpleLog4NetLogSystem,NVelocity
2017-10-16 11:30:16,493 - Using logger class NVelocity.Runtime.Log.SimpleLog4NetLogSystem,NVelocity
2017-10-16 11:30:16,497 - Default ResourceManager initializing. (NVelocity.Runtime.Resource.ResourceManagerImpl)
2017-10-16 11:30:16,501 - Resource Loader Instantiated: NVelocity.Runtime.Resource.Loader.FileResourceLoader
2017-10-16 11:30:16,505 - FileResourceLoader : initialization starting.
2017-10-16 11:30:16,505 - FileResourceLoader : adding path 'F:\arpg\contrib\protocol\\..\..\\src\robotd\handler'
2017-10-16 11:30:16,505 - FileResourceLoader : initialization complete.
2017-10-16 11:30:16,506 - ResourceCache : initialized. (NVelocity.Runtime.Resource.ResourceCacheImpl)
2017-10-16 11:30:16,506 - Default ResourceManager initialization complete.
2017-10-16 11:30:16,515 - Loaded System Directive: NVelocity.Runtime.Directive.Include,NVelocity
2017-10-16 11:30:16,516 - Loaded System Directive: NVelocity.Runtime.Directive.Foreach,NVelocity
2017-10-16 11:30:16,516 - Loaded System Directive: NVelocity.Runtime.Directive.Macro,NVelocity
2017-10-16 11:30:16,516 - Loaded System Directive: NVelocity.Runtime.Directive.Literal,NVelocity
2017-10-16 11:30:16,517 - Loaded System Directive: NVelocity.Runtime.Directive.Parse,NVelocity
2017-10-16 11:30:16,524 - Created: 20 parsers.
2017-10-16 11:30:16,527 - Velocimacro : initialization starting.
2017-10-16 11:30:16,527 - Velocimacro : allowInline = true : VMs can be defined inline in templates
2017-10-16 11:30:16,527 - Velocimacro : allowInlineToOverride = false : VMs defined inline may NOT replace previous VM definitions
2017-10-16 11:30:16,527 - Velocimacro : allowInlineLocal = false : VMs defined inline will be  global in scope if allowed.
2017-10-16 11:30:16,528 - Velocimacro : messages on  : VM system will output logging messages
2017-10-16 11:30:16,528 - Velocimacro : autoload off  : VM system will not automatically reload global library macros
2017-10-16 11:30:16,528 - Velocimacro : initialization complete.
2017-10-16 11:30:16,528 - NVelocity successfully started.
2017-10-16 11:30:16,756 - Velocimacro : added new VM : #pack_func_param_string_call( m ) : source = ProtocolUtil.cpp.vm
2017-10-16 11:30:16,757 - Velocimacro : added new VM : #pack_func_param_string( m ) : source = ProtocolUtil.cpp.vm
2017-10-16 11:30:16,757 - Velocimacro : added new VM : #unpack_func_param_string( m ) : source = ProtocolUtil.cpp.vm
2017-10-16 11:30:16,759 - Velocimacro : VM addition rejected : pack_func_param_string : inline not allowed to replace existing VM
2017-10-16 11:30:16,759 - Velocimacro : added new VM : #read_value_string( i ) : source = ProtocolUtil.cpp.vm
2017-10-16 11:30:16,795 - ResourceManager : found ProtocolUtil.cpp.vm with loader NVelocity.Runtime.Resource.Loader.FileResourceLoader,NVelocity
2017-10-16 11:30:16,927 - ResourceManager : found ProtocolUtil.h.vm with loader NVelocity.Runtime.Resource.Loader.FileResourceLoader,NVelocity
2017-10-16 11:30:20,213 - SimpleLog4NetLogSystem initialized using logfile 'GZCodeBuilder.log'
2017-10-16 11:30:20,230 - ************************************************************** 
2017-10-16 11:30:20,230 - Starting NVelocity v0.4.1
2017-10-16 11:30:20,230 - RuntimeInstance initializing.
2017-10-16 11:30:20,230 - Default Properties File: NVelocity.Runtime.Defaults.nvelocity.properties
2017-10-16 11:30:20,230 - Trying to use logger class NVelocity.Runtime.Log.SimpleLog4NetLogSystem,NVelocity
2017-10-16 11:30:20,230 - Using logger class NVelocity.Runtime.Log.SimpleLog4NetLogSystem,NVelocity
2017-10-16 11:30:20,233 - Default ResourceManager initializing. (NVelocity.Runtime.Resource.ResourceManagerImpl)
2017-10-16 11:30:20,238 - Resource Loader Instantiated: NVelocity.Runtime.Resource.Loader.FileResourceLoader
2017-10-16 11:30:20,242 - FileResourceLoader : initialization starting.
2017-10-16 11:30:20,242 - FileResourceLoader : adding path 'F:\arpg\contrib\protocol\\..\..\\contrib\ts'
2017-10-16 11:30:20,242 - FileResourceLoader : initialization complete.
2017-10-16 11:30:20,243 - ResourceCache : initialized. (NVelocity.Runtime.Resource.ResourceCacheImpl)
2017-10-16 11:30:20,243 - Default ResourceManager initialization complete.
2017-10-16 11:30:20,252 - Loaded System Directive: NVelocity.Runtime.Directive.Include,NVelocity
2017-10-16 11:30:20,253 - Loaded System Directive: NVelocity.Runtime.Directive.Foreach,NVelocity
2017-10-16 11:30:20,253 - Loaded System Directive: NVelocity.Runtime.Directive.Macro,NVelocity
2017-10-16 11:30:20,253 - Loaded System Directive: NVelocity.Runtime.Directive.Literal,NVelocity
2017-10-16 11:30:20,253 - Loaded System Directive: NVelocity.Runtime.Directive.Parse,NVelocity
2017-10-16 11:30:20,260 - Created: 20 parsers.
2017-10-16 11:30:20,264 - Velocimacro : initialization starting.
2017-10-16 11:30:20,264 - Velocimacro : allowInline = true : VMs can be defined inline in templates
2017-10-16 11:30:20,264 - Velocimacro : allowInlineToOverride = false : VMs defined inline may NOT replace previous VM definitions
2017-10-16 11:30:20,264 - Velocimacro : allowInlineLocal = false : VMs defined inline will be  global in scope if allowed.
2017-10-16 11:30:20,264 - Velocimacro : messages on  : VM system will output logging messages
2017-10-16 11:30:20,264 - Velocimacro : autoload off  : VM system will not automatically reload global library macros
2017-10-16 11:30:20,264 - Velocimacro : initialization complete.
2017-10-16 11:30:20,264 - NVelocity successfully started.
2017-10-16 11:30:20,461 - Velocimacro : added new VM : #gettype( i ) : source = Protocols.ts.vm
2017-10-16 11:30:20,477 - Velocimacro : added new VM : #chg( str ) : source = Protocols.ts.vm
2017-10-16 11:30:20,478 - Velocimacro : added new VM : #pack_func_param_string( m ) : source = Protocols.ts.vm
2017-10-16 11:30:20,481 - Velocimacro : added new VM : #outDebugParas( m ) : source = Protocols.ts.vm
2017-10-16 11:30:20,517 - ResourceManager : found Protocols.ts.vm with loader NVelocity.Runtime.Resource.Loader.FileResourceLoader,NVelocity
2017-10-16 11:30:20,734 - Velocimacro : VM addition rejected : gettype : inline not allowed to replace existing VM
2017-10-16 11:30:20,735 - ResourceManager : found client.strutsvm with loader NVelocity.Runtime.Resource.Loader.FileResourceLoader,NVelocity
2017-10-16 11:30:20,760 - Velocimacro : VM addition rejected : gettype : inline not allowed to replace existing VM
2017-10-16 11:30:20,761 - ResourceManager : found client.msgtsvm with loader NVelocity.Runtime.Resource.Loader.FileResourceLoader,NVelocity
